{
  "RSpec": {
    "coverage": {
      "/Users/corinne/Desktop/Makers/Reviews/tech-tests/bank-tech-test/spec/bank_spec.rb": {
        "lines": [
          1,
          1,
          null,
          1,
          null,
          9,
          null,
          1,
          null,
          null,
          null,
          null,
          null,
          null,
          null,
          null,
          null,
          null,
          null,
          null,
          null,
          null,
          null,
          null,
          1,
          null,
          null,
          null,
          null,
          null,
          1,
          1,
          null,
          null,
          1,
          1,
          1,
          1,
          null,
          null,
          null,
          1,
          1,
          1,
          0,
          null,
          null,
          1,
          1,
          null,
          null,
          1,
          1,
          0,
          0,
          null,
          null,
          null,
          1,
          1,
          1,
          1,
          0,
          null,
          null,
          null,
          null,
          null,
          1,
          1,
          1,
          2,
          null,
          null,
          null,
          null,
          1,
          1,
          1,
          1,
          null,
          null,
          null
        ]
      },
      "/Users/corinne/Desktop/Makers/Reviews/tech-tests/bank-tech-test/lib/bank.rb": {
        "lines": [
          1,
          1,
          1,
          null,
          1,
          1,
          null,
          null,
          1,
          8,
          8,
          null,
          null,
          1,
          null,
          null,
          3,
          3,
          3,
          null,
          null,
          1,
          4,
          0,
          0,
          null,
          null,
          1,
          2,
          1,
          null,
          null,
          1,
          1,
          null,
          null,
          1,
          1,
          2,
          null,
          null
        ]
      },
      "/Users/corinne/Desktop/Makers/Reviews/tech-tests/bank-tech-test/lib/account.rb": {
        "lines": [
          1,
          1,
          null,
          null,
          1,
          null,
          1,
          8,
          8,
          8,
          null,
          null,
          1,
          3,
          null,
          null,
          1,
          3,
          null,
          null
        ]
      },
      "/Users/corinne/Desktop/Makers/Reviews/tech-tests/bank-tech-test/lib/statement.rb": {
        "lines": [
          1,
          1,
          null,
          1,
          1,
          1,
          1,
          null,
          null,
          null
        ]
      },
      "/Users/corinne/Desktop/Makers/Reviews/tech-tests/bank-tech-test/lib/transaction.rb": {
        "lines": [
          1,
          null,
          1,
          null,
          1,
          1,
          1,
          1,
          null,
          1,
          3,
          3,
          null,
          null,
          1,
          0,
          0,
          null,
          null,
          1,
          1,
          3,
          3,
          3,
          null,
          null,
          1,
          0,
          0,
          0,
          0,
          null,
          null,
          1,
          3,
          null,
          null
        ]
      },
      "/Users/corinne/Desktop/Makers/Reviews/tech-tests/bank-tech-test/spec/helper_methods.rb": {
        "lines": [
          1,
          1,
          null,
          null,
          null,
          1,
          null,
          null,
          null
        ]
      }
    },
    "timestamp": 1636459357
  },
  "Unit Tests": {
    "coverage": {
      "/Users/corinne/Desktop/bank-tech-test/spec/freature_spec.rb": {
        "lines": [
          1,
          1,
          null,
          1,
          2,
          null,
          1,
          1,
          1,
          1,
          1,
          1,
          1,
          1,
          1,
          null,
          null,
          null,
          null,
          null,
          null
        ]
      },
      "/Users/corinne/Desktop/bank-tech-test/lib/bank.rb": {
        "lines": [
          1,
          1,
          1,
          null,
          1,
          1,
          1,
          null,
          1,
          1,
          null,
          null,
          1,
          3,
          3,
          3,
          null,
          null,
          1,
          3,
          3,
          3,
          null,
          null,
          1,
          1,
          1,
          1,
          null,
          null,
          1,
          1,
          1,
          null,
          null,
          null,
          null,
          null,
          null,
          null,
          null,
          null,
          null,
          null
        ]
      },
      "/Users/corinne/Desktop/bank-tech-test/lib/account.rb": {
        "lines": [
          1,
          1,
          1,
          null,
          1,
          null,
          1,
          1,
          1,
          1,
          null,
          null
        ]
      },
      "/Users/corinne/Desktop/bank-tech-test/lib/statement.rb": {
        "lines": [
          1,
          1,
          null,
          1,
          1,
          1,
          6,
          null,
          null,
          null
        ]
      },
      "/Users/corinne/Desktop/bank-tech-test/lib/transaction.rb": {
        "lines": [
          1,
          null,
          1,
          null,
          1,
          1,
          1,
          1,
          null,
          1,
          3,
          3,
          null,
          null,
          1,
          3,
          3,
          null,
          null,
          1,
          1,
          3,
          3,
          3,
          null,
          null,
          1,
          3,
          3,
          null,
          null,
          1,
          6,
          null,
          null
        ]
      },
      "/Users/corinne/Desktop/bank-tech-test/spec/helper_methods.rb": {
        "lines": [
          1,
          2,
          null,
          null,
          null,
          1,
          null,
          null,
          null
        ]
      }
    },
    "timestamp": 1632987227
  }
}
