{
  "RSpec": {
    "coverage": {
      "/Users/corinne/Desktop/bank-tech-test/spec/account_spec.rb": {
        "lines": [
          1,
          null,
          1,
          2,
          null,
          1,
          1,
          1,
          1,
          null,
          null,
          1,
          1,
          1,
          null,
          null,
          1,
          1,
          1,
          null,
          null,
          1,
          1,
          null,
          null,
          null
        ]
      },
      "/Users/corinne/Desktop/bank-tech-test/lib/account.rb": {
        "lines": [
          1,
          1,
          null,
          1,
          null,
          1,
          4,
          4,
          4,
          null,
          null
        ]
      }
    },
    "timestamp": 1632922510
  }
}
